2025-03-23 04:31:15,917 - INFO - Monitoring thread started
2025-03-23 04:31:17,860 - INFO - Monitoring thread started
2025-03-23 04:33:10,098 - INFO - Monitoring thread started
2025-03-23 04:33:11,967 - INFO - Monitoring thread started
2025-03-23 04:33:25,201 - INFO - Monitoring thread started
2025-03-23 04:34:20,166 - INFO - Monitoring thread started
2025-03-23 04:34:20,166 - INFO - Initializing new optimizer models
2025-03-23 04:34:20,198 - INFO - [31m[1mWARNING: This is a development server. Do not use it in a production deployment. Use a production WSGI server instead.[0m
 * Running on all addresses (0.0.0.0)
 * Running on http://127.0.0.1:5000
 * Running on http://192.168.0.114:5000
2025-03-23 04:34:20,198 - INFO - [33mPress CTRL+C to quit[0m
2025-03-23 04:34:20,198 - INFO -  * Restarting with stat
2025-03-23 04:34:20,268 - ERROR - Error getting process metrics: '>' not supported between instances of 'NoneType' and 'int'
2025-03-23 04:34:20,270 - ERROR - Error getting process metrics: '>' not supported between instances of 'NoneType' and 'int'
2025-03-23 04:34:20,670 - INFO - Monitoring thread started
2025-03-23 04:34:20,670 - INFO - Initializing new optimizer models
2025-03-23 04:34:20,687 - WARNING -  * Debugger is active!
2025-03-23 04:34:20,692 - INFO -  * Debugger PIN: 963-119-184
2025-03-23 04:34:20,776 - ERROR - Error getting process metrics: '>' not supported between instances of 'NoneType' and 'int'
2025-03-23 04:34:20,776 - ERROR - Error getting process metrics: '>' not supported between instances of 'NoneType' and 'int'
2025-03-23 04:34:21,374 - ERROR - Error getting process metrics: '>' not supported between instances of 'NoneType' and 'int'
2025-03-23 04:34:21,486 - INFO - 127.0.0.1 - - [23/Mar/2025 04:34:21] "GET /api/active-faults HTTP/1.1" 200 -
2025-03-23 04:34:21,587 - ERROR - Error getting process metrics: '>' not supported between instances of 'NoneType' and 'int'
2025-03-23 04:34:21,588 - INFO - 127.0.0.1 - - [23/Mar/2025 04:34:21] "[35m[1mGET /api/metrics HTTP/1.1[0m" 500 -
2025-03-23 04:34:21,911 - ERROR - Error getting process metrics: '>' not supported between instances of 'NoneType' and 'int'
2025-03-23 04:34:22,426 - ERROR - Error getting process metrics: '>' not supported between instances of 'NoneType' and 'int'
2025-03-23 04:34:22,487 - ERROR - Error getting process metrics: '>' not supported between instances of 'NoneType' and 'int'
2025-03-23 04:34:22,936 - ERROR - Error getting process metrics: '>' not supported between instances of 'NoneType' and 'int'
2025-03-23 04:34:23,020 - ERROR - Error getting process metrics: '>' not supported between instances of 'NoneType' and 'int'
2025-03-23 04:34:23,486 - INFO - 127.0.0.1 - - [23/Mar/2025 04:34:23] "GET /api/active-faults HTTP/1.1" 200 -
2025-03-23 04:34:23,592 - ERROR - Error getting process metrics: '>' not supported between instances of 'NoneType' and 'int'
2025-03-23 04:34:23,594 - INFO - 127.0.0.1 - - [23/Mar/2025 04:34:23] "[35m[1mGET /api/metrics HTTP/1.1[0m" 500 -
2025-03-23 04:34:23,598 - ERROR - Error getting process metrics: '>' not supported between instances of 'NoneType' and 'int'
2025-03-23 04:34:24,133 - ERROR - Error getting process metrics: '>' not supported between instances of 'NoneType' and 'int'
2025-03-23 04:34:24,596 - ERROR - Error getting process metrics: '>' not supported between instances of 'NoneType' and 'int'
2025-03-23 04:34:24,707 - ERROR - Error getting process metrics: '>' not supported between instances of 'NoneType' and 'int'
2025-03-23 04:34:25,120 - ERROR - Error getting process metrics: '>' not supported between instances of 'NoneType' and 'int'
2025-03-23 04:34:25,263 - ERROR - Error getting process metrics: '>' not supported between instances of 'NoneType' and 'int'
2025-03-23 04:34:25,485 - INFO - 127.0.0.1 - - [23/Mar/2025 04:34:25] "GET /api/active-faults HTTP/1.1" 200 -
2025-03-23 04:34:25,591 - ERROR - Error getting process metrics: '>' not supported between instances of 'NoneType' and 'int'
2025-03-23 04:34:25,592 - INFO - 127.0.0.1 - - [23/Mar/2025 04:34:25] "[35m[1mGET /api/metrics HTTP/1.1[0m" 500 -
2025-03-23 04:34:25,821 - ERROR - Error getting process metrics: '>' not supported between instances of 'NoneType' and 'int'
2025-03-23 04:34:26,373 - ERROR - Error getting process metrics: '>' not supported between instances of 'NoneType' and 'int'
2025-03-23 04:34:26,777 - ERROR - Error getting process metrics: '>' not supported between instances of 'NoneType' and 'int'
2025-03-23 04:34:26,940 - ERROR - Error getting process metrics: '>' not supported between instances of 'NoneType' and 'int'
2025-03-23 04:34:27,289 - ERROR - Error getting process metrics: '>' not supported between instances of 'NoneType' and 'int'
2025-03-23 04:34:27,479 - ERROR - Error getting process metrics: '>' not supported between instances of 'NoneType' and 'int'
2025-03-23 04:34:27,483 - INFO - 127.0.0.1 - - [23/Mar/2025 04:34:27] "GET /api/active-faults HTTP/1.1" 200 -
2025-03-23 04:34:27,591 - ERROR - Error getting process metrics: '>' not supported between instances of 'NoneType' and 'int'
2025-03-23 04:34:27,593 - INFO - 127.0.0.1 - - [23/Mar/2025 04:34:27] "[35m[1mGET /api/metrics HTTP/1.1[0m" 500 -
2025-03-23 04:34:28,056 - ERROR - Error getting process metrics: '>' not supported between instances of 'NoneType' and 'int'
2025-03-23 04:34:28,588 - ERROR - Error getting process metrics: '>' not supported between instances of 'NoneType' and 'int'
2025-03-23 04:34:28,961 - ERROR - Error getting process metrics: '>' not supported between instances of 'NoneType' and 'int'
2025-03-23 04:34:29,164 - ERROR - Error getting process metrics: '>' not supported between instances of 'NoneType' and 'int'
2025-03-23 04:34:29,470 - ERROR - Error getting process metrics: '>' not supported between instances of 'NoneType' and 'int'
2025-03-23 04:34:29,530 - INFO - 127.0.0.1 - - [23/Mar/2025 04:34:29] "GET /api/active-faults HTTP/1.1" 200 -
2025-03-23 04:34:29,596 - ERROR - Error getting process metrics: '>' not supported between instances of 'NoneType' and 'int'
2025-03-23 04:34:29,597 - INFO - 127.0.0.1 - - [23/Mar/2025 04:34:29] "[35m[1mGET /api/metrics HTTP/1.1[0m" 500 -
2025-03-23 04:34:29,700 - ERROR - Error getting process metrics: '>' not supported between instances of 'NoneType' and 'int'
2025-03-23 04:34:30,277 - ERROR - Error getting process metrics: '>' not supported between instances of 'NoneType' and 'int'
2025-03-23 04:34:30,812 - ERROR - Error getting process metrics: '>' not supported between instances of 'NoneType' and 'int'
2025-03-23 04:34:31,127 - ERROR - Error getting process metrics: '>' not supported between instances of 'NoneType' and 'int'
2025-03-23 04:34:31,384 - ERROR - Error getting process metrics: '>' not supported between instances of 'NoneType' and 'int'
2025-03-23 04:34:31,485 - INFO - 127.0.0.1 - - [23/Mar/2025 04:34:31] "GET /api/active-faults HTTP/1.1" 200 -
2025-03-23 04:34:31,591 - ERROR - Error getting process metrics: '>' not supported between instances of 'NoneType' and 'int'
2025-03-23 04:34:31,594 - INFO - 127.0.0.1 - - [23/Mar/2025 04:34:31] "[35m[1mGET /api/metrics HTTP/1.1[0m" 500 -
2025-03-23 04:34:31,653 - ERROR - Error getting process metrics: '>' not supported between instances of 'NoneType' and 'int'
2025-03-23 04:34:31,925 - ERROR - Error getting process metrics: '>' not supported between instances of 'NoneType' and 'int'
2025-03-23 04:34:32,494 - ERROR - Error getting process metrics: '>' not supported between instances of 'NoneType' and 'int'
2025-03-23 04:34:33,035 - ERROR - Error getting process metrics: '>' not supported between instances of 'NoneType' and 'int'
2025-03-23 04:34:33,308 - ERROR - Error getting process metrics: '>' not supported between instances of 'NoneType' and 'int'
2025-03-23 04:34:33,483 - INFO - 127.0.0.1 - - [23/Mar/2025 04:34:33] "GET /api/active-faults HTTP/1.1" 200 -
2025-03-23 04:34:33,590 - ERROR - Error getting process metrics: '>' not supported between instances of 'NoneType' and 'int'
2025-03-23 04:34:33,592 - INFO - 127.0.0.1 - - [23/Mar/2025 04:34:33] "[35m[1mGET /api/metrics HTTP/1.1[0m" 500 -
2025-03-23 04:34:33,608 - ERROR - Error getting process metrics: '>' not supported between instances of 'NoneType' and 'int'
2025-03-23 04:34:33,831 - ERROR - Error getting process metrics: '>' not supported between instances of 'NoneType' and 'int'
2025-03-23 04:34:40,177 - INFO - Monitoring thread started
2025-03-23 04:34:40,177 - INFO - Initializing new optimizer models
2025-03-23 04:34:40,199 - INFO - [31m[1mWARNING: This is a development server. Do not use it in a production deployment. Use a production WSGI server instead.[0m
 * Running on all addresses (0.0.0.0)
 * Running on http://127.0.0.1:5000
 * Running on http://192.168.0.114:5000
2025-03-23 04:34:40,200 - INFO - [33mPress CTRL+C to quit[0m
2025-03-23 04:34:40,200 - INFO -  * Restarting with stat
2025-03-23 04:34:40,283 - ERROR - Error getting process metrics: '>' not supported between instances of 'NoneType' and 'int'
2025-03-23 04:34:40,283 - ERROR - Error getting process metrics: '>' not supported between instances of 'NoneType' and 'int'
2025-03-23 04:34:40,667 - INFO - Monitoring thread started
2025-03-23 04:34:40,667 - INFO - Initializing new optimizer models
2025-03-23 04:34:40,678 - WARNING -  * Debugger is active!
2025-03-23 04:34:40,684 - INFO -  * Debugger PIN: 963-119-184
2025-03-23 04:34:40,768 - ERROR - Error getting process metrics: '>' not supported between instances of 'NoneType' and 'int'
2025-03-23 04:34:40,769 - ERROR - Error getting process metrics: '>' not supported between instances of 'NoneType' and 'int'
2025-03-23 04:34:41,415 - ERROR - Error getting process metrics: '>' not supported between instances of 'NoneType' and 'int'
2025-03-23 04:34:41,486 - INFO - 127.0.0.1 - - [23/Mar/2025 04:34:41] "GET /api/active-faults HTTP/1.1" 200 -
2025-03-23 04:34:41,588 - ERROR - Error getting process metrics: '>' not supported between instances of 'NoneType' and 'int'
2025-03-23 04:34:41,589 - INFO - 127.0.0.1 - - [23/Mar/2025 04:34:41] "[35m[1mGET /api/metrics HTTP/1.1[0m" 500 -
2025-03-23 04:34:41,891 - ERROR - Error getting process metrics: '>' not supported between instances of 'NoneType' and 'int'
2025-03-23 04:34:42,441 - ERROR - Error getting process metrics: '>' not supported between instances of 'NoneType' and 'int'
2025-03-23 04:34:42,524 - ERROR - Error getting process metrics: '>' not supported between instances of 'NoneType' and 'int'
2025-03-23 04:34:42,923 - ERROR - Error getting process metrics: '>' not supported between instances of 'NoneType' and 'int'
2025-03-23 04:34:43,000 - ERROR - Error getting process metrics: '>' not supported between instances of 'NoneType' and 'int'
2025-03-23 04:34:43,485 - INFO - 127.0.0.1 - - [23/Mar/2025 04:34:43] "GET /api/active-faults HTTP/1.1" 200 -
2025-03-23 04:34:43,590 - ERROR - Error getting process metrics: '>' not supported between instances of 'NoneType' and 'int'
2025-03-23 04:34:43,592 - INFO - 127.0.0.1 - - [23/Mar/2025 04:34:43] "[35m[1mGET /api/metrics HTTP/1.1[0m" 500 -
2025-03-23 04:34:43,636 - ERROR - Error getting process metrics: '>' not supported between instances of 'NoneType' and 'int'
2025-03-23 04:34:44,111 - ERROR - Error getting process metrics: '>' not supported between instances of 'NoneType' and 'int'
2025-03-23 04:34:44,618 - ERROR - Error getting process metrics: '>' not supported between instances of 'NoneType' and 'int'
2025-03-23 04:34:44,771 - ERROR - Error getting process metrics: '>' not supported between instances of 'NoneType' and 'int'
2025-03-23 04:34:45,092 - ERROR - Error getting process metrics: '>' not supported between instances of 'NoneType' and 'int'
2025-03-23 04:34:45,223 - ERROR - Error getting process metrics: '>' not supported between instances of 'NoneType' and 'int'
2025-03-23 04:34:45,276 - INFO - 127.0.0.1 - - [23/Mar/2025 04:34:45] "GET / HTTP/1.1" 200 -
2025-03-23 04:34:45,535 - INFO - 127.0.0.1 - - [23/Mar/2025 04:34:45] "GET /api/active-faults HTTP/1.1" 200 -
2025-03-23 04:34:45,638 - ERROR - Error getting process metrics: '>' not supported between instances of 'NoneType' and 'int'
2025-03-23 04:34:45,640 - INFO - 127.0.0.1 - - [23/Mar/2025 04:34:45] "[35m[1mGET /api/metrics HTTP/1.1[0m" 500 -
2025-03-23 04:34:45,871 - INFO - 127.0.0.1 - - [23/Mar/2025 04:34:45] "[33mGET /favicon.ico HTTP/1.1[0m" 404 -
2025-03-23 04:34:45,884 - ERROR - Error getting process metrics: '>' not supported between instances of 'NoneType' and 'int'
2025-03-23 04:34:46,334 - ERROR - Error getting process metrics: '>' not supported between instances of 'NoneType' and 'int'
2025-03-23 04:34:46,791 - ERROR - Error getting process metrics: '>' not supported between instances of 'NoneType' and 'int'
2025-03-23 04:34:46,993 - ERROR - Error getting process metrics: '>' not supported between instances of 'NoneType' and 'int'
2025-03-23 04:34:47,270 - ERROR - Error getting process metrics: '>' not supported between instances of 'NoneType' and 'int'
2025-03-23 04:34:47,450 - ERROR - Error getting process metrics: '>' not supported between instances of 'NoneType' and 'int'
2025-03-23 04:34:47,535 - INFO - 127.0.0.1 - - [23/Mar/2025 04:34:47] "GET /api/active-faults HTTP/1.1" 200 -
2025-03-23 04:34:47,641 - ERROR - Error getting process metrics: '>' not supported between instances of 'NoneType' and 'int'
2025-03-23 04:34:47,643 - INFO - 127.0.0.1 - - [23/Mar/2025 04:34:47] "[35m[1mGET /api/metrics HTTP/1.1[0m" 500 -
2025-03-23 04:34:48,104 - ERROR - Error getting process metrics: '>' not supported between instances of 'NoneType' and 'int'
2025-03-23 04:34:48,559 - ERROR - Error getting process metrics: '>' not supported between instances of 'NoneType' and 'int'
2025-03-23 04:34:48,971 - ERROR - Error getting process metrics: '>' not supported between instances of 'NoneType' and 'int'
2025-03-23 04:34:49,213 - ERROR - Error getting process metrics: '>' not supported between instances of 'NoneType' and 'int'
2025-03-23 04:34:49,456 - ERROR - Error getting process metrics: '>' not supported between instances of 'NoneType' and 'int'
2025-03-23 04:34:49,538 - INFO - 127.0.0.1 - - [23/Mar/2025 04:34:49] "GET /api/active-faults HTTP/1.1" 200 -
2025-03-23 04:34:49,644 - ERROR - Error getting process metrics: '>' not supported between instances of 'NoneType' and 'int'
2025-03-23 04:34:49,644 - INFO - 127.0.0.1 - - [23/Mar/2025 04:34:49] "[35m[1mGET /api/metrics HTTP/1.1[0m" 500 -
2025-03-23 04:34:49,667 - ERROR - Error getting process metrics: '>' not supported between instances of 'NoneType' and 'int'
2025-03-23 04:34:50,323 - ERROR - Error getting process metrics: '>' not supported between instances of 'NoneType' and 'int'
2025-03-23 04:34:50,780 - ERROR - Error getting process metrics: '>' not supported between instances of 'NoneType' and 'int'
2025-03-23 04:34:51,153 - ERROR - Error getting process metrics: '>' not supported between instances of 'NoneType' and 'int'
2025-03-23 04:34:51,433 - ERROR - Error getting process metrics: '>' not supported between instances of 'NoneType' and 'int'
2025-03-23 04:34:51,537 - INFO - 127.0.0.1 - - [23/Mar/2025 04:34:51] "GET /api/active-faults HTTP/1.1" 200 -
2025-03-23 04:34:51,642 - ERROR - Error getting process metrics: '>' not supported between instances of 'NoneType' and 'int'
2025-03-23 04:34:51,645 - INFO - 127.0.0.1 - - [23/Mar/2025 04:34:51] "[35m[1mGET /api/metrics HTTP/1.1[0m" 500 -
2025-03-23 04:34:51,650 - ERROR - Error getting process metrics: '>' not supported between instances of 'NoneType' and 'int'
2025-03-23 04:34:51,889 - ERROR - Error getting process metrics: '>' not supported between instances of 'NoneType' and 'int'
2025-03-23 04:34:52,543 - ERROR - Error getting process metrics: '>' not supported between instances of 'NoneType' and 'int'
2025-03-23 04:34:53,003 - ERROR - Error getting process metrics: '>' not supported between instances of 'NoneType' and 'int'
2025-03-23 04:39:07,364 - INFO - Monitoring thread started
2025-03-23 04:39:07,364 - INFO - Initializing new optimizer models
2025-03-23 04:39:07,391 - INFO - [31m[1mWARNING: This is a development server. Do not use it in a production deployment. Use a production WSGI server instead.[0m
 * Running on all addresses (0.0.0.0)
 * Running on http://127.0.0.1:5000
 * Running on http://192.168.0.114:5000
2025-03-23 04:39:07,391 - INFO - [33mPress CTRL+C to quit[0m
2025-03-23 04:39:07,392 - INFO -  * Restarting with stat
2025-03-23 04:39:07,467 - ERROR - Error getting process metrics: '>' not supported between instances of 'NoneType' and 'int'
2025-03-23 04:39:07,468 - ERROR - Error getting process metrics: '>' not supported between instances of 'NoneType' and 'int'
2025-03-23 04:39:07,878 - INFO - Monitoring thread started
2025-03-23 04:39:07,878 - INFO - Initializing new optimizer models
2025-03-23 04:39:07,891 - WARNING -  * Debugger is active!
2025-03-23 04:39:07,896 - INFO -  * Debugger PIN: 963-119-184
2025-03-23 04:39:07,984 - ERROR - Error getting process metrics: '>' not supported between instances of 'NoneType' and 'int'
2025-03-23 04:39:07,985 - ERROR - Error getting process metrics: '>' not supported between instances of 'NoneType' and 'int'
2025-03-23 04:39:08,578 - ERROR - Error getting process metrics: '>' not supported between instances of 'NoneType' and 'int'
2025-03-23 04:39:09,100 - ERROR - Error getting process metrics: '>' not supported between instances of 'NoneType' and 'int'
2025-03-23 04:39:09,622 - ERROR - Error getting process metrics: '>' not supported between instances of 'NoneType' and 'int'
2025-03-23 04:39:09,687 - ERROR - Error getting process metrics: '>' not supported between instances of 'NoneType' and 'int'
2025-03-23 04:39:10,135 - ERROR - Error getting process metrics: '>' not supported between instances of 'NoneType' and 'int'
2025-03-23 04:39:10,203 - ERROR - Error getting process metrics: '>' not supported between instances of 'NoneType' and 'int'
2025-03-23 04:39:10,796 - ERROR - Error getting process metrics: '>' not supported between instances of 'NoneType' and 'int'
2025-03-23 04:39:11,094 - INFO - 127.0.0.1 - - [23/Mar/2025 04:39:11] "GET / HTTP/1.1" 200 -
2025-03-23 04:39:11,315 - ERROR - Error getting process metrics: '>' not supported between instances of 'NoneType' and 'int'
2025-03-23 04:39:11,793 - ERROR - Error getting process metrics: '>' not supported between instances of 'NoneType' and 'int'
2025-03-23 04:39:11,950 - ERROR - Error getting process metrics: '>' not supported between instances of 'NoneType' and 'int'
2025-03-23 04:39:12,305 - ERROR - Error getting process metrics: '>' not supported between instances of 'NoneType' and 'int'
2025-03-23 04:39:12,437 - ERROR - Error getting process metrics: '>' not supported between instances of 'NoneType' and 'int'
2025-03-23 04:39:13,061 - ERROR - Error getting process metrics: '>' not supported between instances of 'NoneType' and 'int'
2025-03-23 04:39:13,252 - ERROR - Error getting process metrics: '>' not supported between instances of 'NoneType' and 'int'
2025-03-23 04:39:13,253 - INFO - 127.0.0.1 - - [23/Mar/2025 04:39:13] "[35m[1mGET /api/metrics HTTP/1.1[0m" 500 -
2025-03-23 04:39:13,548 - ERROR - Error getting process metrics: '>' not supported between instances of 'NoneType' and 'int'
2025-03-23 04:39:13,952 - ERROR - Error getting process metrics: '>' not supported between instances of 'NoneType' and 'int'
2025-03-23 04:39:14,172 - ERROR - Error getting process metrics: '>' not supported between instances of 'NoneType' and 'int'
2025-03-23 04:39:14,469 - ERROR - Error getting process metrics: '>' not supported between instances of 'NoneType' and 'int'
2025-03-23 04:39:14,655 - ERROR - Error getting process metrics: '>' not supported between instances of 'NoneType' and 'int'
2025-03-23 04:39:15,253 - ERROR - Error getting process metrics: '>' not supported between instances of 'NoneType' and 'int'
2025-03-23 04:39:15,255 - INFO - 127.0.0.1 - - [23/Mar/2025 04:39:15] "[35m[1mGET /api/metrics HTTP/1.1[0m" 500 -
2025-03-23 04:39:15,284 - ERROR - Error getting process metrics: '>' not supported between instances of 'NoneType' and 'int'
2025-03-23 04:39:15,762 - ERROR - Error getting process metrics: '>' not supported between instances of 'NoneType' and 'int'
2025-03-23 04:39:16,124 - ERROR - Error getting process metrics: '>' not supported between instances of 'NoneType' and 'int'
2025-03-23 04:39:16,388 - ERROR - Error getting process metrics: '>' not supported between instances of 'NoneType' and 'int'
2025-03-23 04:39:16,652 - ERROR - Error getting process metrics: '>' not supported between instances of 'NoneType' and 'int'
2025-03-23 04:39:16,867 - ERROR - Error getting process metrics: '>' not supported between instances of 'NoneType' and 'int'
2025-03-23 04:39:17,260 - ERROR - Error getting process metrics: '>' not supported between instances of 'NoneType' and 'int'
2025-03-23 04:39:17,262 - INFO - 127.0.0.1 - - [23/Mar/2025 04:39:17] "[35m[1mGET /api/metrics HTTP/1.1[0m" 500 -
2025-03-23 04:39:17,503 - ERROR - Error getting process metrics: '>' not supported between instances of 'NoneType' and 'int'
2025-03-23 04:39:17,538 - INFO - 127.0.0.1 - - [23/Mar/2025 04:39:17] "GET /api/active-faults HTTP/1.1" 200 -
2025-03-23 04:39:17,644 - ERROR - Error getting process metrics: '>' not supported between instances of 'NoneType' and 'int'
2025-03-23 04:39:17,646 - INFO - 127.0.0.1 - - [23/Mar/2025 04:39:17] "[35m[1mGET /api/metrics HTTP/1.1[0m" 500 -
2025-03-23 04:39:17,976 - ERROR - Error getting process metrics: '>' not supported between instances of 'NoneType' and 'int'
2025-03-23 04:39:18,302 - ERROR - Error getting process metrics: '>' not supported between instances of 'NoneType' and 'int'
2025-03-23 04:39:18,616 - ERROR - Error getting process metrics: '>' not supported between instances of 'NoneType' and 'int'
2025-03-23 04:39:18,821 - ERROR - Error getting process metrics: '>' not supported between instances of 'NoneType' and 'int'
2025-03-23 04:39:19,085 - ERROR - Error getting process metrics: '>' not supported between instances of 'NoneType' and 'int'
2025-03-23 04:39:19,254 - ERROR - Error getting process metrics: '>' not supported between instances of 'NoneType' and 'int'
2025-03-23 04:39:19,254 - INFO - 127.0.0.1 - - [23/Mar/2025 04:39:19] "[35m[1mGET /api/metrics HTTP/1.1[0m" 500 -
2025-03-23 04:39:19,732 - ERROR - Error getting process metrics: '>' not supported between instances of 'NoneType' and 'int'
2025-03-23 04:39:20,196 - ERROR - Error getting process metrics: '>' not supported between instances of 'NoneType' and 'int'
2025-03-23 04:39:20,460 - ERROR - Error getting process metrics: '>' not supported between instances of 'NoneType' and 'int'
2025-03-23 04:39:20,848 - ERROR - Error getting process metrics: '>' not supported between instances of 'NoneType' and 'int'
2025-03-23 04:39:21,001 - ERROR - Error getting process metrics: '>' not supported between instances of 'NoneType' and 'int'
2025-03-23 04:39:21,306 - ERROR - Error getting process metrics: '>' not supported between instances of 'NoneType' and 'int'
2025-03-23 04:39:21,306 - WARNING - Anomalous trend detected in cpu_usage: 2.10/s
2025-03-23 04:39:21,955 - ERROR - Error getting process metrics: '>' not supported between instances of 'NoneType' and 'int'
2025-03-23 04:39:22,417 - ERROR - Error getting process metrics: '>' not supported between instances of 'NoneType' and 'int'
2025-03-23 04:39:22,617 - ERROR - Error getting process metrics: '>' not supported between instances of 'NoneType' and 'int'
2025-03-23 04:39:23,066 - ERROR - Error getting process metrics: '>' not supported between instances of 'NoneType' and 'int'
2025-03-23 04:39:23,153 - ERROR - Error getting process metrics: '>' not supported between instances of 'NoneType' and 'int'
2025-03-23 04:39:23,522 - ERROR - Error getting process metrics: '>' not supported between instances of 'NoneType' and 'int'
2025-03-23 04:39:24,178 - ERROR - Error getting process metrics: '>' not supported between instances of 'NoneType' and 'int'
2025-03-23 04:39:24,633 - ERROR - Error getting process metrics: '>' not supported between instances of 'NoneType' and 'int'
2025-03-23 04:39:24,794 - ERROR - Error getting process metrics: '>' not supported between instances of 'NoneType' and 'int'
2025-03-23 04:39:25,284 - ERROR - Error getting process metrics: '>' not supported between instances of 'NoneType' and 'int'
2025-03-23 04:39:25,312 - ERROR - Error getting process metrics: '>' not supported between instances of 'NoneType' and 'int'
2025-03-23 04:39:25,744 - ERROR - Error getting process metrics: '>' not supported between instances of 'NoneType' and 'int'
2025-03-23 04:39:26,395 - ERROR - Error getting process metrics: '>' not supported between instances of 'NoneType' and 'int'
2025-03-23 04:39:26,850 - ERROR - Error getting process metrics: '>' not supported between instances of 'NoneType' and 'int'
2025-03-23 04:39:26,953 - ERROR - Error getting process metrics: '>' not supported between instances of 'NoneType' and 'int'
2025-03-23 04:39:27,477 - ERROR - Error getting process metrics: '>' not supported between instances of 'NoneType' and 'int'
2025-03-23 04:39:27,507 - ERROR - Error getting process metrics: '>' not supported between instances of 'NoneType' and 'int'
2025-03-23 04:39:27,962 - ERROR - Error getting process metrics: '>' not supported between instances of 'NoneType' and 'int'
2025-03-23 04:39:28,617 - ERROR - Error getting process metrics: '>' not supported between instances of 'NoneType' and 'int'
2025-03-23 04:39:29,070 - ERROR - Error getting process metrics: '>' not supported between instances of 'NoneType' and 'int'
2025-03-23 04:39:29,070 - WARNING - Anomalous trend detected in cpu_usage: -2.54/s
2025-03-23 04:39:29,136 - ERROR - Error getting process metrics: '>' not supported between instances of 'NoneType' and 'int'
2025-03-23 04:39:29,655 - ERROR - Error getting process metrics: '>' not supported between instances of 'NoneType' and 'int'
2025-03-23 04:39:29,725 - ERROR - Error getting process metrics: '>' not supported between instances of 'NoneType' and 'int'
2025-03-23 04:39:30,181 - ERROR - Error getting process metrics: '>' not supported between instances of 'NoneType' and 'int'
2025-03-23 04:39:30,181 - WARNING - Anomalous trend detected in cpu_usage: -2.65/s
2025-03-23 04:39:30,835 - ERROR - Error getting process metrics: '>' not supported between instances of 'NoneType' and 'int'
2025-03-23 04:39:31,288 - ERROR - Error getting process metrics: '>' not supported between instances of 'NoneType' and 'int'
2025-03-23 04:39:31,309 - ERROR - Error getting process metrics: '>' not supported between instances of 'NoneType' and 'int'
2025-03-23 04:39:31,810 - ERROR - Error getting process metrics: '>' not supported between instances of 'NoneType' and 'int'
2025-03-23 04:39:31,946 - ERROR - Error getting process metrics: '>' not supported between instances of 'NoneType' and 'int'
2025-03-23 04:39:32,396 - ERROR - Error getting process metrics: '>' not supported between instances of 'NoneType' and 'int'
2025-03-23 04:39:33,058 - ERROR - Error getting process metrics: '>' not supported between instances of 'NoneType' and 'int'
2025-03-23 04:39:33,460 - ERROR - Error getting process metrics: '>' not supported between instances of 'NoneType' and 'int'
2025-03-23 04:39:33,502 - ERROR - Error getting process metrics: '>' not supported between instances of 'NoneType' and 'int'
2025-03-23 04:39:33,965 - ERROR - Error getting process metrics: '>' not supported between instances of 'NoneType' and 'int'
2025-03-23 04:39:34,168 - ERROR - Error getting process metrics: '>' not supported between instances of 'NoneType' and 'int'
2025-03-23 04:39:34,613 - ERROR - Error getting process metrics: '>' not supported between instances of 'NoneType' and 'int'
2025-03-23 04:39:35,279 - ERROR - Error getting process metrics: '>' not supported between instances of 'NoneType' and 'int'
2025-03-23 04:39:35,621 - ERROR - Error getting process metrics: '>' not supported between instances of 'NoneType' and 'int'
2025-03-23 04:39:35,717 - ERROR - Error getting process metrics: '>' not supported between instances of 'NoneType' and 'int'
2025-03-23 04:39:36,138 - ERROR - Error getting process metrics: '>' not supported between instances of 'NoneType' and 'int'
2025-03-23 04:39:36,390 - ERROR - Error getting process metrics: '>' not supported between instances of 'NoneType' and 'int'
2025-03-23 04:39:36,828 - ERROR - Error getting process metrics: '>' not supported between instances of 'NoneType' and 'int'
2025-03-23 04:39:37,498 - ERROR - Error getting process metrics: '>' not supported between instances of 'NoneType' and 'int'
2025-03-23 04:39:37,780 - ERROR - Error getting process metrics: '>' not supported between instances of 'NoneType' and 'int'
2025-03-23 04:39:37,940 - ERROR - Error getting process metrics: '>' not supported between instances of 'NoneType' and 'int'
2025-03-23 04:39:38,321 - ERROR - Error getting process metrics: '>' not supported between instances of 'NoneType' and 'int'
2025-03-23 04:39:38,609 - ERROR - Error getting process metrics: '>' not supported between instances of 'NoneType' and 'int'
2025-03-23 04:39:38,609 - WARNING - Anomalous trend detected in cpu_usage: 2.40/s
2025-03-23 04:39:39,052 - ERROR - Error getting process metrics: '>' not supported between instances of 'NoneType' and 'int'
2025-03-23 04:39:39,717 - ERROR - Error getting process metrics: '>' not supported between instances of 'NoneType' and 'int'
2025-03-23 04:39:39,718 - WARNING - Anomalous trend detected in cpu_usage: 2.35/s
2025-03-23 04:39:39,954 - ERROR - Error getting process metrics: '>' not supported between instances of 'NoneType' and 'int'
2025-03-23 04:39:40,164 - ERROR - Error getting process metrics: '>' not supported between instances of 'NoneType' and 'int'
2025-03-23 04:39:40,499 - ERROR - Error getting process metrics: '>' not supported between instances of 'NoneType' and 'int'
2025-03-23 04:39:40,831 - ERROR - Error getting process metrics: '>' not supported between instances of 'NoneType' and 'int'
2025-03-23 04:39:41,275 - ERROR - Error getting process metrics: '>' not supported between instances of 'NoneType' and 'int'
2025-03-23 04:39:41,943 - ERROR - Error getting process metrics: '>' not supported between instances of 'NoneType' and 'int'
2025-03-23 04:39:42,112 - ERROR - Error getting process metrics: '>' not supported between instances of 'NoneType' and 'int'
2025-03-23 04:39:42,381 - ERROR - Error getting process metrics: '>' not supported between instances of 'NoneType' and 'int'
2025-03-23 04:39:42,670 - ERROR - Error getting process metrics: '>' not supported between instances of 'NoneType' and 'int'
2025-03-23 04:39:43,054 - ERROR - Error getting process metrics: '>' not supported between instances of 'NoneType' and 'int'
2025-03-23 04:39:43,497 - ERROR - Error getting process metrics: '>' not supported between instances of 'NoneType' and 'int'
2025-03-23 04:39:44,166 - ERROR - Error getting process metrics: '>' not supported between instances of 'NoneType' and 'int'
2025-03-23 04:39:44,269 - ERROR - Error getting process metrics: '>' not supported between instances of 'NoneType' and 'int'
2025-03-23 04:39:44,605 - ERROR - Error getting process metrics: '>' not supported between instances of 'NoneType' and 'int'
2025-03-23 04:39:44,824 - ERROR - Error getting process metrics: '>' not supported between instances of 'NoneType' and 'int'
2025-03-23 04:39:45,274 - ERROR - Error getting process metrics: '>' not supported between instances of 'NoneType' and 'int'
2025-03-23 04:39:45,716 - ERROR - Error getting process metrics: '>' not supported between instances of 'NoneType' and 'int'
2025-03-23 04:39:46,386 - ERROR - Error getting process metrics: '>' not supported between instances of 'NoneType' and 'int'
2025-03-23 04:39:46,441 - ERROR - Error getting process metrics: '>' not supported between instances of 'NoneType' and 'int'
2025-03-23 04:39:46,826 - ERROR - Error getting process metrics: '>' not supported between instances of 'NoneType' and 'int'
2025-03-23 04:39:46,826 - WARNING - Anomalous trend detected in cpu_usage: 2.21/s
2025-03-23 04:39:46,979 - ERROR - Error getting process metrics: '>' not supported between instances of 'NoneType' and 'int'
2025-03-23 04:39:47,495 - ERROR - Error getting process metrics: '>' not supported between instances of 'NoneType' and 'int'
2025-03-23 04:39:47,935 - ERROR - Error getting process metrics: '>' not supported between instances of 'NoneType' and 'int'
2025-03-23 04:39:48,607 - ERROR - Error getting process metrics: '>' not supported between instances of 'NoneType' and 'int'
2025-03-23 04:39:48,607 - ERROR - Error getting process metrics: '>' not supported between instances of 'NoneType' and 'int'
2025-03-23 04:39:49,048 - ERROR - Error getting process metrics: '>' not supported between instances of 'NoneType' and 'int'
2025-03-23 04:39:49,134 - ERROR - Error getting process metrics: '>' not supported between instances of 'NoneType' and 'int'
2025-03-23 04:39:49,719 - ERROR - Error getting process metrics: '>' not supported between instances of 'NoneType' and 'int'
2025-03-23 04:39:50,160 - ERROR - Error getting process metrics: '>' not supported between instances of 'NoneType' and 'int'
2025-03-23 04:39:50,760 - ERROR - Error getting process metrics: '>' not supported between instances of 'NoneType' and 'int'
2025-03-23 04:39:50,832 - ERROR - Error getting process metrics: '>' not supported between instances of 'NoneType' and 'int'
2025-03-23 04:39:51,271 - ERROR - Error getting process metrics: '>' not supported between instances of 'NoneType' and 'int'
2025-03-23 04:39:51,319 - ERROR - Error getting process metrics: '>' not supported between instances of 'NoneType' and 'int'
2025-03-23 04:39:51,946 - ERROR - Error getting process metrics: '>' not supported between instances of 'NoneType' and 'int'
2025-03-23 04:39:52,386 - ERROR - Error getting process metrics: '>' not supported between instances of 'NoneType' and 'int'
2025-03-23 04:39:52,387 - WARNING - Anomalous trend detected in cpu_usage: -2.04/s
2025-03-23 04:39:52,946 - ERROR - Error getting process metrics: '>' not supported between instances of 'NoneType' and 'int'
2025-03-23 04:39:53,059 - ERROR - Error getting process metrics: '>' not supported between instances of 'NoneType' and 'int'
2025-03-23 04:39:53,501 - ERROR - Error getting process metrics: '>' not supported between instances of 'NoneType' and 'int'
2025-03-23 04:39:53,503 - ERROR - Error getting process metrics: '>' not supported between instances of 'NoneType' and 'int'
2025-03-23 04:39:54,169 - ERROR - Error getting process metrics: '>' not supported between instances of 'NoneType' and 'int'
2025-03-23 04:39:54,616 - ERROR - Error getting process metrics: '>' not supported between instances of 'NoneType' and 'int'
2025-03-23 04:39:54,617 - WARNING - Anomalous trend detected in cpu_usage: -2.27/s
2025-03-23 04:39:55,131 - ERROR - Error getting process metrics: '>' not supported between instances of 'NoneType' and 'int'
2025-03-23 04:39:55,294 - ERROR - Error getting process metrics: '>' not supported between instances of 'NoneType' and 'int'
2025-03-23 04:39:55,682 - ERROR - Error getting process metrics: '>' not supported between instances of 'NoneType' and 'int'
2025-03-23 04:39:55,743 - ERROR - Error getting process metrics: '>' not supported between instances of 'NoneType' and 'int'
2025-03-23 04:39:55,743 - WARNING - Anomalous trend detected in cpu_usage: -2.60/s
2025-03-23 04:39:56,404 - ERROR - Error getting process metrics: '>' not supported between instances of 'NoneType' and 'int'
2025-03-23 04:39:56,854 - ERROR - Error getting process metrics: '>' not supported between instances of 'NoneType' and 'int'
2025-03-23 04:39:56,855 - WARNING - Anomalous trend detected in cpu_usage: -2.66/s
2025-03-23 04:39:57,306 - ERROR - Error getting process metrics: '>' not supported between instances of 'NoneType' and 'int'
2025-03-23 04:39:57,516 - ERROR - Error getting process metrics: '>' not supported between instances of 'NoneType' and 'int'
2025-03-23 04:39:57,855 - ERROR - Error getting process metrics: '>' not supported between instances of 'NoneType' and 'int'
2025-03-23 04:39:57,974 - ERROR - Error getting process metrics: '>' not supported between instances of 'NoneType' and 'int'
2025-03-23 04:39:58,630 - ERROR - Error getting process metrics: '>' not supported between instances of 'NoneType' and 'int'
2025-03-23 04:39:59,086 - ERROR - Error getting process metrics: '>' not supported between instances of 'NoneType' and 'int'
2025-03-23 04:39:59,481 - ERROR - Error getting process metrics: '>' not supported between instances of 'NoneType' and 'int'
2025-03-23 04:39:59,743 - ERROR - Error getting process metrics: '>' not supported between instances of 'NoneType' and 'int'
2025-03-23 04:40:00,040 - ERROR - Error getting process metrics: '>' not supported between instances of 'NoneType' and 'int'
2025-03-23 04:40:00,196 - ERROR - Error getting process metrics: '>' not supported between instances of 'NoneType' and 'int'
2025-03-23 04:40:00,852 - ERROR - Error getting process metrics: '>' not supported between instances of 'NoneType' and 'int'
2025-03-23 04:40:01,309 - ERROR - Error getting process metrics: '>' not supported between instances of 'NoneType' and 'int'
2025-03-23 04:40:01,648 - ERROR - Error getting process metrics: '>' not supported between instances of 'NoneType' and 'int'
2025-03-23 04:40:01,964 - ERROR - Error getting process metrics: '>' not supported between instances of 'NoneType' and 'int'
2025-03-23 04:40:02,229 - ERROR - Error getting process metrics: '>' not supported between instances of 'NoneType' and 'int'
2025-03-23 04:40:02,419 - ERROR - Error getting process metrics: '>' not supported between instances of 'NoneType' and 'int'
2025-03-23 04:40:03,073 - ERROR - Error getting process metrics: '>' not supported between instances of 'NoneType' and 'int'
2025-03-23 04:40:03,074 - WARNING - Anomalous trend detected in cpu_usage: -2.14/s
2025-03-23 04:40:03,526 - ERROR - Error getting process metrics: '>' not supported between instances of 'NoneType' and 'int'
2025-03-23 04:40:03,811 - ERROR - Error getting process metrics: '>' not supported between instances of 'NoneType' and 'int'
2025-03-23 04:40:04,182 - ERROR - Error getting process metrics: '>' not supported between instances of 'NoneType' and 'int'
2025-03-23 04:40:04,183 - WARNING - Anomalous trend detected in cpu_usage: -2.48/s
2025-03-23 04:40:04,399 - ERROR - Error getting process metrics: '>' not supported between instances of 'NoneType' and 'int'
2025-03-23 04:40:04,640 - ERROR - Error getting process metrics: '>' not supported between instances of 'NoneType' and 'int'
2025-03-23 04:40:05,293 - ERROR - Error getting process metrics: '>' not supported between instances of 'NoneType' and 'int'
2025-03-23 04:40:05,749 - ERROR - Error getting process metrics: '>' not supported between instances of 'NoneType' and 'int'
2025-03-23 04:40:05,995 - ERROR - Error getting process metrics: '>' not supported between instances of 'NoneType' and 'int'
2025-03-23 04:40:06,405 - ERROR - Error getting process metrics: '>' not supported between instances of 'NoneType' and 'int'
2025-03-23 04:40:06,571 - ERROR - Error getting process metrics: '>' not supported between instances of 'NoneType' and 'int'
2025-03-23 04:40:06,854 - ERROR - Error getting process metrics: '>' not supported between instances of 'NoneType' and 'int'
2025-03-23 04:40:07,515 - ERROR - Error getting process metrics: '>' not supported between instances of 'NoneType' and 'int'
2025-03-23 04:40:07,966 - ERROR - Error getting process metrics: '>' not supported between instances of 'NoneType' and 'int'
2025-03-23 04:40:08,173 - ERROR - Error getting process metrics: '>' not supported between instances of 'NoneType' and 'int'
2025-03-23 04:40:08,621 - ERROR - Error getting process metrics: '>' not supported between instances of 'NoneType' and 'int'
2025-03-23 04:40:08,727 - ERROR - Error getting process metrics: '>' not supported between instances of 'NoneType' and 'int'
2025-03-23 04:40:09,081 - ERROR - Error getting process metrics: '>' not supported between instances of 'NoneType' and 'int'
2025-03-23 04:40:09,733 - ERROR - Error getting process metrics: '>' not supported between instances of 'NoneType' and 'int'
2025-03-23 04:40:10,195 - ERROR - Error getting process metrics: '>' not supported between instances of 'NoneType' and 'int'
2025-03-23 04:40:10,356 - ERROR - Error getting process metrics: '>' not supported between instances of 'NoneType' and 'int'
2025-03-23 04:40:10,842 - ERROR - Error getting process metrics: '>' not supported between instances of 'NoneType' and 'int'
2025-03-23 04:40:10,906 - ERROR - Error getting process metrics: '>' not supported between instances of 'NoneType' and 'int'
2025-03-23 04:40:11,301 - ERROR - Error getting process metrics: '>' not supported between instances of 'NoneType' and 'int'
2025-03-23 04:40:11,952 - ERROR - Error getting process metrics: '>' not supported between instances of 'NoneType' and 'int'
2025-03-23 04:40:12,412 - ERROR - Error getting process metrics: '>' not supported between instances of 'NoneType' and 'int'
2025-03-23 04:40:12,517 - ERROR - Error getting process metrics: '>' not supported between instances of 'NoneType' and 'int'
2025-03-23 04:40:13,069 - ERROR - Error getting process metrics: '>' not supported between instances of 'NoneType' and 'int'
2025-03-23 04:40:13,087 - ERROR - Error getting process metrics: '>' not supported between instances of 'NoneType' and 'int'
2025-03-23 04:40:13,525 - ERROR - Error getting process metrics: '>' not supported between instances of 'NoneType' and 'int'
2025-03-23 04:40:14,193 - ERROR - Error getting process metrics: '>' not supported between instances of 'NoneType' and 'int'
2025-03-23 04:40:14,638 - ERROR - Error getting process metrics: '>' not supported between instances of 'NoneType' and 'int'
2025-03-23 04:40:14,684 - ERROR - Error getting process metrics: '>' not supported between instances of 'NoneType' and 'int'
2025-03-23 04:40:15,267 - ERROR - Error getting process metrics: '>' not supported between instances of 'NoneType' and 'int'
2025-03-23 04:40:15,298 - ERROR - Error getting process metrics: '>' not supported between instances of 'NoneType' and 'int'
2025-03-23 04:40:15,747 - ERROR - Error getting process metrics: '>' not supported between instances of 'NoneType' and 'int'
2025-03-23 04:40:16,408 - ERROR - Error getting process metrics: '>' not supported between instances of 'NoneType' and 'int'
2025-03-23 04:40:16,858 - ERROR - Error getting process metrics: '>' not supported between instances of 'NoneType' and 'int'
2025-03-23 04:40:16,859 - ERROR - Error getting process metrics: '>' not supported between instances of 'NoneType' and 'int'
2025-03-23 04:40:17,442 - ERROR - Error getting process metrics: '>' not supported between instances of 'NoneType' and 'int'
2025-03-23 04:40:17,520 - ERROR - Error getting process metrics: '>' not supported between instances of 'NoneType' and 'int'
2025-03-23 04:40:17,556 - INFO - 127.0.0.1 - - [23/Mar/2025 04:40:17] "GET /api/active-faults HTTP/1.1" 200 -
2025-03-23 04:40:17,662 - ERROR - Error getting process metrics: '>' not supported between instances of 'NoneType' and 'int'
2025-03-23 04:40:17,662 - INFO - 127.0.0.1 - - [23/Mar/2025 04:40:17] "[35m[1mGET /api/metrics HTTP/1.1[0m" 500 -
2025-03-23 04:40:17,973 - ERROR - Error getting process metrics: '>' not supported between instances of 'NoneType' and 'int'
2025-03-23 04:40:18,630 - ERROR - Error getting process metrics: '>' not supported between instances of 'NoneType' and 'int'
2025-03-23 04:40:19,021 - ERROR - Error getting process metrics: '>' not supported between instances of 'NoneType' and 'int'
2025-03-23 04:40:19,082 - ERROR - Error getting process metrics: '>' not supported between instances of 'NoneType' and 'int'
2025-03-23 04:40:19,623 - ERROR - Error getting process metrics: '>' not supported between instances of 'NoneType' and 'int'
2025-03-23 04:40:19,740 - ERROR - Error getting process metrics: '>' not supported between instances of 'NoneType' and 'int'
2025-03-23 04:40:20,195 - ERROR - Error getting process metrics: '>' not supported between instances of 'NoneType' and 'int'
2025-03-23 04:40:20,851 - ERROR - Error getting process metrics: '>' not supported between instances of 'NoneType' and 'int'
2025-03-23 04:40:21,201 - ERROR - Error getting process metrics: '>' not supported between instances of 'NoneType' and 'int'
2025-03-23 04:40:21,304 - ERROR - Error getting process metrics: '>' not supported between instances of 'NoneType' and 'int'
2025-03-23 04:40:21,793 - ERROR - Error getting process metrics: '>' not supported between instances of 'NoneType' and 'int'
2025-03-23 04:40:21,963 - ERROR - Error getting process metrics: '>' not supported between instances of 'NoneType' and 'int'
2025-03-23 04:40:22,418 - ERROR - Error getting process metrics: '>' not supported between instances of 'NoneType' and 'int'
2025-03-23 04:40:23,075 - ERROR - Error getting process metrics: '>' not supported between instances of 'NoneType' and 'int'
2025-03-23 04:40:23,368 - ERROR - Error getting process metrics: '>' not supported between instances of 'NoneType' and 'int'
2025-03-23 04:40:23,529 - ERROR - Error getting process metrics: '>' not supported between instances of 'NoneType' and 'int'
2025-03-23 04:40:23,952 - ERROR - Error getting process metrics: '>' not supported between instances of 'NoneType' and 'int'
2025-03-23 04:40:24,188 - ERROR - Error getting process metrics: '>' not supported between instances of 'NoneType' and 'int'
2025-03-23 04:40:24,639 - ERROR - Error getting process metrics: '>' not supported between instances of 'NoneType' and 'int'
2025-03-23 04:40:25,299 - ERROR - Error getting process metrics: '>' not supported between instances of 'NoneType' and 'int'
2025-03-23 04:40:25,535 - ERROR - Error getting process metrics: '>' not supported between instances of 'NoneType' and 'int'
2025-03-23 04:40:25,748 - ERROR - Error getting process metrics: '>' not supported between instances of 'NoneType' and 'int'
2025-03-23 04:40:26,135 - ERROR - Error getting process metrics: '>' not supported between instances of 'NoneType' and 'int'
2025-03-23 04:40:26,411 - ERROR - Error getting process metrics: '>' not supported between instances of 'NoneType' and 'int'
2025-03-23 04:40:26,859 - ERROR - Error getting process metrics: '>' not supported between instances of 'NoneType' and 'int'
2025-03-23 04:40:27,524 - ERROR - Error getting process metrics: '>' not supported between instances of 'NoneType' and 'int'
2025-03-23 04:40:27,709 - ERROR - Error getting process metrics: '>' not supported between instances of 'NoneType' and 'int'
2025-03-23 04:40:27,972 - ERROR - Error getting process metrics: '>' not supported between instances of 'NoneType' and 'int'
2025-03-23 04:40:28,312 - ERROR - Error getting process metrics: '>' not supported between instances of 'NoneType' and 'int'
2025-03-23 04:40:28,638 - ERROR - Error getting process metrics: '>' not supported between instances of 'NoneType' and 'int'
2025-03-23 04:40:29,085 - ERROR - Error getting process metrics: '>' not supported between instances of 'NoneType' and 'int'
2025-03-23 04:40:29,752 - ERROR - Error getting process metrics: '>' not supported between instances of 'NoneType' and 'int'
2025-03-23 04:40:29,886 - ERROR - Error getting process metrics: '>' not supported between instances of 'NoneType' and 'int'
2025-03-23 04:40:30,197 - ERROR - Error getting process metrics: '>' not supported between instances of 'NoneType' and 'int'
2025-03-23 04:40:30,489 - ERROR - Error getting process metrics: '>' not supported between instances of 'NoneType' and 'int'
2025-03-23 04:40:30,856 - ERROR - Error getting process metrics: '>' not supported between instances of 'NoneType' and 'int'
2025-03-23 04:40:31,309 - ERROR - Error getting process metrics: '>' not supported between instances of 'NoneType' and 'int'
2025-03-23 04:40:31,966 - ERROR - Error getting process metrics: '>' not supported between instances of 'NoneType' and 'int'
2025-03-23 04:40:32,062 - ERROR - Error getting process metrics: '>' not supported between instances of 'NoneType' and 'int'
2025-03-23 04:40:32,423 - ERROR - Error getting process metrics: '>' not supported between instances of 'NoneType' and 'int'
2025-03-23 04:40:32,675 - ERROR - Error getting process metrics: '>' not supported between instances of 'NoneType' and 'int'
2025-03-23 04:40:33,079 - ERROR - Error getting process metrics: '>' not supported between instances of 'NoneType' and 'int'
2025-03-23 04:40:33,536 - ERROR - Error getting process metrics: '>' not supported between instances of 'NoneType' and 'int'
2025-03-23 04:40:34,189 - ERROR - Error getting process metrics: '>' not supported between instances of 'NoneType' and 'int'
2025-03-23 04:40:34,236 - ERROR - Error getting process metrics: '>' not supported between instances of 'NoneType' and 'int'
2025-03-23 04:40:34,646 - ERROR - Error getting process metrics: '>' not supported between instances of 'NoneType' and 'int'
2025-03-23 04:40:34,857 - ERROR - Error getting process metrics: '>' not supported between instances of 'NoneType' and 'int'
2025-03-23 04:40:35,302 - ERROR - Error getting process metrics: '>' not supported between instances of 'NoneType' and 'int'
2025-03-23 04:40:35,751 - ERROR - Error getting process metrics: '>' not supported between instances of 'NoneType' and 'int'
2025-03-23 04:40:36,401 - ERROR - Error getting process metrics: '>' not supported between instances of 'NoneType' and 'int'
2025-03-23 04:40:36,433 - ERROR - Error getting process metrics: '>' not supported between instances of 'NoneType' and 'int'
2025-03-23 04:40:36,862 - ERROR - Error getting process metrics: '>' not supported between instances of 'NoneType' and 'int'
2025-03-23 04:40:37,037 - ERROR - Error getting process metrics: '>' not supported between instances of 'NoneType' and 'int'
2025-03-23 04:40:37,559 - ERROR - Error getting process metrics: '>' not supported between instances of 'NoneType' and 'int'
2025-03-23 04:40:37,969 - ERROR - Error getting process metrics: '>' not supported between instances of 'NoneType' and 'int'
2025-03-23 04:40:38,560 - ERROR - Error getting process metrics: '>' not supported between instances of 'NoneType' and 'int'
2025-03-23 04:40:38,706 - ERROR - Error getting process metrics: '>' not supported between instances of 'NoneType' and 'int'
2025-03-23 04:40:39,081 - ERROR - Error getting process metrics: '>' not supported between instances of 'NoneType' and 'int'
2025-03-23 04:40:39,210 - ERROR - Error getting process metrics: '>' not supported between instances of 'NoneType' and 'int'
2025-03-23 04:40:39,817 - ERROR - Error getting process metrics: '>' not supported between instances of 'NoneType' and 'int'
2025-03-23 04:40:40,193 - ERROR - Error getting process metrics: '>' not supported between instances of 'NoneType' and 'int'
2025-03-23 04:40:40,728 - ERROR - Error getting process metrics: '>' not supported between instances of 'NoneType' and 'int'
2025-03-23 04:40:40,926 - ERROR - Error getting process metrics: '>' not supported between instances of 'NoneType' and 'int'
2025-03-23 04:40:41,301 - ERROR - Error getting process metrics: '>' not supported between instances of 'NoneType' and 'int'
2025-03-23 04:40:41,383 - ERROR - Error getting process metrics: '>' not supported between instances of 'NoneType' and 'int'
2025-03-23 04:40:42,033 - ERROR - Error getting process metrics: '>' not supported between instances of 'NoneType' and 'int'
2025-03-23 04:40:42,410 - ERROR - Error getting process metrics: '>' not supported between instances of 'NoneType' and 'int'
2025-03-23 04:40:42,894 - ERROR - Error getting process metrics: '>' not supported between instances of 'NoneType' and 'int'
2025-03-23 04:40:43,145 - ERROR - Error getting process metrics: '>' not supported between instances of 'NoneType' and 'int'
2025-03-23 04:40:43,521 - ERROR - Error getting process metrics: '>' not supported between instances of 'NoneType' and 'int'
2025-03-23 04:40:43,548 - ERROR - Error getting process metrics: '>' not supported between instances of 'NoneType' and 'int'
2025-03-23 04:40:44,256 - ERROR - Error getting process metrics: '>' not supported between instances of 'NoneType' and 'int'
2025-03-23 04:40:44,635 - ERROR - Error getting process metrics: '>' not supported between instances of 'NoneType' and 'int'
2025-03-23 04:40:45,067 - ERROR - Error getting process metrics: '>' not supported between instances of 'NoneType' and 'int'
2025-03-23 04:40:45,366 - ERROR - Error getting process metrics: '>' not supported between instances of 'NoneType' and 'int'
2025-03-23 04:40:45,718 - ERROR - Error getting process metrics: '>' not supported between instances of 'NoneType' and 'int'
2025-03-23 04:40:45,788 - ERROR - Error getting process metrics: '>' not supported between instances of 'NoneType' and 'int'
2025-03-23 04:40:46,474 - ERROR - Error getting process metrics: '>' not supported between instances of 'NoneType' and 'int'
2025-03-23 04:40:46,899 - ERROR - Error getting process metrics: '>' not supported between instances of 'NoneType' and 'int'
2025-03-23 04:40:47,252 - ERROR - Error getting process metrics: '>' not supported between instances of 'NoneType' and 'int'
2025-03-23 04:40:47,587 - ERROR - Error getting process metrics: '>' not supported between instances of 'NoneType' and 'int'
2025-03-23 04:40:47,896 - ERROR - Error getting process metrics: '>' not supported between instances of 'NoneType' and 'int'
2025-03-23 04:40:48,068 - ERROR - Error getting process metrics: '>' not supported between instances of 'NoneType' and 'int'
2025-03-23 04:40:48,696 - ERROR - Error getting process metrics: '>' not supported between instances of 'NoneType' and 'int'
2025-03-23 04:40:49,178 - ERROR - Error getting process metrics: '>' not supported between instances of 'NoneType' and 'int'
2025-03-23 04:40:49,428 - ERROR - Error getting process metrics: '>' not supported between instances of 'NoneType' and 'int'
2025-03-23 04:40:49,803 - ERROR - Error getting process metrics: '>' not supported between instances of 'NoneType' and 'int'
2025-03-23 04:40:50,075 - ERROR - Error getting process metrics: '>' not supported between instances of 'NoneType' and 'int'
2025-03-23 04:40:50,290 - ERROR - Error getting process metrics: '>' not supported between instances of 'NoneType' and 'int'
2025-03-23 04:40:50,917 - ERROR - Error getting process metrics: '>' not supported between instances of 'NoneType' and 'int'
2025-03-23 04:40:51,401 - ERROR - Error getting process metrics: '>' not supported between instances of 'NoneType' and 'int'
2025-03-23 04:40:51,603 - ERROR - Error getting process metrics: '>' not supported between instances of 'NoneType' and 'int'
2025-03-23 04:40:52,031 - ERROR - Error getting process metrics: '>' not supported between instances of 'NoneType' and 'int'
2025-03-23 04:40:52,258 - ERROR - Error getting process metrics: '>' not supported between instances of 'NoneType' and 'int'
2025-03-23 04:40:52,514 - ERROR - Error getting process metrics: '>' not supported between instances of 'NoneType' and 'int'
2025-03-23 04:40:53,146 - ERROR - Error getting process metrics: '>' not supported between instances of 'NoneType' and 'int'
2025-03-23 04:40:53,627 - ERROR - Error getting process metrics: '>' not supported between instances of 'NoneType' and 'int'
2025-03-23 04:40:53,758 - ERROR - Error getting process metrics: '>' not supported between instances of 'NoneType' and 'int'
2025-03-23 04:40:54,257 - ERROR - Error getting process metrics: '>' not supported between instances of 'NoneType' and 'int'
2025-03-23 04:40:54,437 - ERROR - Error getting process metrics: '>' not supported between instances of 'NoneType' and 'int'
2025-03-23 04:40:54,740 - ERROR - Error getting process metrics: '>' not supported between instances of 'NoneType' and 'int'
2025-03-23 04:40:55,366 - ERROR - Error getting process metrics: '>' not supported between instances of 'NoneType' and 'int'
2025-03-23 04:40:55,852 - ERROR - Error getting process metrics: '>' not supported between instances of 'NoneType' and 'int'
2025-03-23 04:40:55,939 - ERROR - Error getting process metrics: '>' not supported between instances of 'NoneType' and 'int'
2025-03-23 04:40:56,475 - ERROR - Error getting process metrics: '>' not supported between instances of 'NoneType' and 'int'
2025-03-23 04:40:56,617 - ERROR - Error getting process metrics: '>' not supported between instances of 'NoneType' and 'int'
2025-03-23 04:40:56,965 - ERROR - Error getting process metrics: '>' not supported between instances of 'NoneType' and 'int'
2025-03-23 04:40:57,584 - ERROR - Error getting process metrics: '>' not supported between instances of 'NoneType' and 'int'
2025-03-23 04:40:58,075 - ERROR - Error getting process metrics: '>' not supported between instances of 'NoneType' and 'int'
2025-03-23 04:40:58,110 - ERROR - Error getting process metrics: '>' not supported between instances of 'NoneType' and 'int'
2025-03-23 04:40:58,695 - ERROR - Error getting process metrics: '>' not supported between instances of 'NoneType' and 'int'
2025-03-23 04:40:58,771 - ERROR - Error getting process metrics: '>' not supported between instances of 'NoneType' and 'int'
2025-03-23 04:40:59,183 - ERROR - Error getting process metrics: '>' not supported between instances of 'NoneType' and 'int'
2025-03-23 04:40:59,804 - ERROR - Error getting process metrics: '>' not supported between instances of 'NoneType' and 'int'
2025-03-23 04:41:00,294 - ERROR - Error getting process metrics: '>' not supported between instances of 'NoneType' and 'int'
2025-03-23 04:41:00,295 - ERROR - Error getting process metrics: '>' not supported between instances of 'NoneType' and 'int'
2025-03-23 04:41:00,916 - ERROR - Error getting process metrics: '>' not supported between instances of 'NoneType' and 'int'
2025-03-23 04:41:00,935 - ERROR - Error getting process metrics: '>' not supported between instances of 'NoneType' and 'int'
2025-03-23 04:41:01,399 - ERROR - Error getting process metrics: '>' not supported between instances of 'NoneType' and 'int'
2025-03-23 04:41:02,029 - ERROR - Error getting process metrics: '>' not supported between instances of 'NoneType' and 'int'
2025-03-23 04:41:02,471 - ERROR - Error getting process metrics: '>' not supported between instances of 'NoneType' and 'int'
2025-03-23 04:41:02,507 - ERROR - Error getting process metrics: '>' not supported between instances of 'NoneType' and 'int'
2025-03-23 04:41:03,106 - ERROR - Error getting process metrics: '>' not supported between instances of 'NoneType' and 'int'
2025-03-23 04:41:03,141 - ERROR - Error getting process metrics: '>' not supported between instances of 'NoneType' and 'int'
2025-03-23 04:41:03,618 - ERROR - Error getting process metrics: '>' not supported between instances of 'NoneType' and 'int'
2025-03-23 04:41:03,618 - WARNING - Anomalous trend detected in cpu_usage: 2.14/s
2025-03-23 04:41:04,249 - ERROR - Error getting process metrics: '>' not supported between instances of 'NoneType' and 'int'
2025-03-23 04:41:04,652 - ERROR - Error getting process metrics: '>' not supported between instances of 'NoneType' and 'int'
2025-03-23 04:41:04,728 - ERROR - Error getting process metrics: '>' not supported between instances of 'NoneType' and 'int'
2025-03-23 04:41:04,729 - WARNING - Anomalous trend detected in cpu_usage: 2.38/s
2025-03-23 04:41:05,276 - ERROR - Error getting process metrics: '>' not supported between instances of 'NoneType' and 'int'
2025-03-23 04:41:05,359 - ERROR - Error getting process metrics: '>' not supported between instances of 'NoneType' and 'int'
2025-03-23 04:41:05,837 - ERROR - Error getting process metrics: '>' not supported between instances of 'NoneType' and 'int'
